#
# There is insufficient memory for the Java Runtime Environment to continue.
# Native memory allocation (mmap) failed to map 175112192 bytes for committing reserved memory.
# Possible reasons:
#   The system is out of physical RAM or swap space
#   The process is running with CompressedOops enabled, and the Java Heap may be blocking the growth of the native heap
# Possible solutions:
#   Reduce memory load on the system
#   Increase physical memory or swap space
#   Check if swap backing store is full
#   Decrease Java heap size (-Xmx/-Xms)
#   Decrease number of Java threads
#   Decrease Java thread stack sizes (-Xss)
#   Set larger code cache with -XX:ReservedCodeCacheSize=
# This output file may be truncated or incomplete.
#
#  Out of Memory Error (os_linux.cpp:2749), pid=8787, tid=0x00007fa67a011700
#
# JRE version:  (8.0_201-b09) (build )
# Java VM: Java HotSpot(TM) 64-Bit Server VM (25.201-b09 mixed mode linux-amd64 compressed oops)
# Failed to write core dump. Core dumps have been disabled. To enable core dumping, try "ulimit -c unlimited" before starting Java again
#

---------------  T H R E A D  ---------------

Current thread (0x00007fa674014800):  JavaThread "Unknown thread" [_thread_in_vm, id=8789, stack(0x00007fa679f12000,0x00007fa67a012000)]

Stack: [0x00007fa679f12000,0x00007fa67a012000],  sp=0x00007fa67a010570,  free space=1017k
Native frames: (J=compiled Java code, j=interpreted, Vv=VM code, C=native code)
V  [libjvm.so+0xad3525]  VMError::report_and_die()+0x2e5
V  [libjvm.so+0x4e0457]  report_vm_out_of_memory(char const*, int, unsigned long, VMErrorType, char const*)+0x67
V  [libjvm.so+0x9102f0]  os::pd_commit_memory(char*, unsigned long, unsigned long, bool)+0x100
V  [libjvm.so+0x90791f]  os::commit_memory(char*, unsigned long, unsigned long, bool)+0x1f
V  [libjvm.so+0x98c806]  PSVirtualSpace::expand_by(unsigned long)+0x56
V  [libjvm.so+0x97d0bc]  PSOldGen::initialize(ReservedSpace, unsigned long, char const*, int)+0x8c
V  [libjvm.so+0x2bcfce]  AdjoiningGenerations::AdjoiningGenerations(ReservedSpace, GenerationSizer*, unsigned long)+0x2fe
V  [libjvm.so+0x93ad32]  ParallelScavengeHeap::initialize()+0x222
V  [libjvm.so+0xa9714a]  Universe::initialize_heap()+0x16a
V  [libjvm.so+0xa97433]  universe_init()+0x33
V  [libjvm.so+0x631fd0]  init_globals()+0x50
V  [libjvm.so+0xa79b69]  Threads::create_vm(JavaVMInitArgs*, bool*)+0x409
V  [libjvm.so+0x6d7b4f]  JNI_CreateJavaVM+0x4f
C  [libjli.so+0x7ee4]  JavaMain+0x84
C  [libpthread.so.0+0x8164]  start_thread+0xe4


---------------  P R O C E S S  ---------------

Java Threads: ( => current thread )

Other Threads:

=>0x00007fa674014800 (exited) JavaThread "Unknown thread" [_thread_in_vm, id=8789, stack(0x00007fa679f12000,0x00007fa67a012000)]

VM state:not at safepoint (not fully initialized)

VM Mutex/Monitor currently owned by a thread: None

heap address: 0x00000006c7800000, size: 3976 MB, Compressed Oops mode: Non-zero based:0x00000006c77ff000, Oop shift amount: 3
Narrow klass base: 0x0000000000000000, Narrow klass shift: 0

GC Heap History (0 events):
No events

Deoptimization events (0 events):
No events

Classes redefined (0 events):
No events

Internal exceptions (0 events):
No events

Events (0 events):
No events


Dynamic libraries:
00400000-00401000 r-xp 00000000 fd:01 22679395                           /usr/lib/jvm/java-8-oracle/jre/bin/java
00600000-00601000 r--p 00000000 fd:01 22679395                           /usr/lib/jvm/java-8-oracle/jre/bin/java
00601000-00602000 rw-p 00001000 fd:01 22679395                           /usr/lib/jvm/java-8-oracle/jre/bin/java
00e45000-00e66000 rw-p 00000000 00:00 0                                  [heap]
6d1f00000-76d300000 ---p 00000000 00:00 0 
76d300000-772600000 rw-p 00000000 00:00 0 
772600000-7c0000000 ---p 00000000 00:00 0 
7fa665000000-7fa665270000 rwxp 00000000 00:00 0 
7fa665270000-7fa674000000 ---p 00000000 00:00 0 
7fa674000000-7fa67403e000 rw-p 00000000 00:00 0 
7fa67403e000-7fa678000000 ---p 00000000 00:00 0 
7fa678a8b000-7fa678d20000 rw-p 00000000 00:00 0 
7fa678d20000-7fa67924d000 ---p 00000000 00:00 0 
7fa67924d000-7fa679277000 rw-p 00000000 00:00 0 
7fa679277000-7fa6794e4000 ---p 00000000 00:00 0 
7fa6794e4000-7fa6794ef000 rw-p 00000000 00:00 0 
7fa6794ef000-7fa6798a5000 ---p 00000000 00:00 0 
7fa6798a5000-7fa6798c0000 r-xp 00000000 fd:01 22681424                   /usr/lib/jvm/java-8-oracle/jre/lib/amd64/libzip.so
7fa6798c0000-7fa679abf000 ---p 0001b000 fd:01 22681424                   /usr/lib/jvm/java-8-oracle/jre/lib/amd64/libzip.so
7fa679abf000-7fa679ac0000 r--p 0001a000 fd:01 22681424                   /usr/lib/jvm/java-8-oracle/jre/lib/amd64/libzip.so
7fa679ac0000-7fa679ac1000 rw-p 0001b000 fd:01 22681424                   /usr/lib/jvm/java-8-oracle/jre/lib/amd64/libzip.so
7fa679ac1000-7fa679ac9000 rw-s 00000000 fd:01 19662561                   /tmp/hsperfdata_g7247341/8787
7fa679ac9000-7fa679af5000 r-xp 00000000 fd:01 22681418                   /usr/lib/jvm/java-8-oracle/jre/lib/amd64/libjava.so
7fa679af5000-7fa679cf5000 ---p 0002c000 fd:01 22681418                   /usr/lib/jvm/java-8-oracle/jre/lib/amd64/libjava.so
7fa679cf5000-7fa679cf6000 r--p 0002c000 fd:01 22681418                   /usr/lib/jvm/java-8-oracle/jre/lib/amd64/libjava.so
7fa679cf6000-7fa679cf8000 rw-p 0002d000 fd:01 22681418                   /usr/lib/jvm/java-8-oracle/jre/lib/amd64/libjava.so
7fa679cf8000-7fa679d05000 r-xp 00000000 fd:01 22681423                   /usr/lib/jvm/java-8-oracle/jre/lib/amd64/libverify.so
7fa679d05000-7fa679f04000 ---p 0000d000 fd:01 22681423                   /usr/lib/jvm/java-8-oracle/jre/lib/amd64/libverify.so
7fa679f04000-7fa679f06000 r--p 0000c000 fd:01 22681423                   /usr/lib/jvm/java-8-oracle/jre/lib/amd64/libverify.so
7fa679f06000-7fa679f07000 rw-p 0000e000 fd:01 22681423                   /usr/lib/jvm/java-8-oracle/jre/lib/amd64/libverify.so
7fa679f07000-7fa679f09000 r--p 00000000 fd:01 13636531                   /lib/x86_64-linux-gnu/librt-2.28.so
7fa679f09000-7fa679f0d000 r-xp 00002000 fd:01 13636531                   /lib/x86_64-linux-gnu/librt-2.28.so
7fa679f0d000-7fa679f0f000 r--p 00006000 fd:01 13636531                   /lib/x86_64-linux-gnu/librt-2.28.so
7fa679f0f000-7fa679f10000 r--p 00007000 fd:01 13636531                   /lib/x86_64-linux-gnu/librt-2.28.so
7fa679f10000-7fa679f11000 rw-p 00008000 fd:01 13636531                   /lib/x86_64-linux-gnu/librt-2.28.so
7fa679f11000-7fa679f12000 ---p 00000000 00:00 0 
7fa679f12000-7fa679f15000 ---p 00000000 00:00 0 
7fa679f15000-7fa67a012000 rw-p 00000000 00:00 0 
7fa67a012000-7fa67a01f000 r--p 00000000 fd:01 13636454                   /lib/x86_64-linux-gnu/libm-2.28.so
7fa67a01f000-7fa67a0ca000 r-xp 0000d000 fd:01 13636454                   /lib/x86_64-linux-gnu/libm-2.28.so
7fa67a0ca000-7fa67a19d000 r--p 000b8000 fd:01 13636454                   /lib/x86_64-linux-gnu/libm-2.28.so
7fa67a19d000-7fa67a19e000 r--p 0018a000 fd:01 13636454                   /lib/x86_64-linux-gnu/libm-2.28.so
7fa67a19e000-7fa67a19f000 rw-p 0018b000 fd:01 13636454                   /lib/x86_64-linux-gnu/libm-2.28.so
7fa67a19f000-7fa67ae87000 r-xp 00000000 fd:01 22681400                   /usr/lib/jvm/java-8-oracle/jre/lib/amd64/server/libjvm.so
7fa67ae87000-7fa67b086000 ---p 00ce8000 fd:01 22681400                   /usr/lib/jvm/java-8-oracle/jre/lib/amd64/server/libjvm.so
7fa67b086000-7fa67b11c000 r--p 00ce7000 fd:01 22681400                   /usr/lib/jvm/java-8-oracle/jre/lib/amd64/server/libjvm.so
7fa67b11c000-7fa67b14d000 rw-p 00d7d000 fd:01 22681400                   /usr/lib/jvm/java-8-oracle/jre/lib/amd64/server/libjvm.so
7fa67b14d000-7fa67b18a000 rw-p 00000000 00:00 0 
7fa67b18a000-7fa67b1ac000 r--p 00000000 fd:01 13636393                   /lib/x86_64-linux-gnu/libc-2.28.so
7fa67b1ac000-7fa67b31d000 r-xp 00022000 fd:01 13636393                   /lib/x86_64-linux-gnu/libc-2.28.so
7fa67b31d000-7fa67b369000 r--p 00193000 fd:01 13636393                   /lib/x86_64-linux-gnu/libc-2.28.so
7fa67b369000-7fa67b36a000 ---p 001df000 fd:01 13636393                   /lib/x86_64-linux-gnu/libc-2.28.so
7fa67b36a000-7fa67b36e000 r--p 001df000 fd:01 13636393                   /lib/x86_64-linux-gnu/libc-2.28.so
7fa67b36e000-7fa67b370000 rw-p 001e3000 fd:01 13636393                   /lib/x86_64-linux-gnu/libc-2.28.so
7fa67b370000-7fa67b374000 rw-p 00000000 00:00 0 
7fa67b374000-7fa67b375000 r--p 00000000 fd:01 13636414                   /lib/x86_64-linux-gnu/libdl-2.28.so
7fa67b375000-7fa67b377000 r-xp 00001000 fd:01 13636414                   /lib/x86_64-linux-gnu/libdl-2.28.so
7fa67b377000-7fa67b378000 r--p 00003000 fd:01 13636414                   /lib/x86_64-linux-gnu/libdl-2.28.so
7fa67b378000-7fa67b379000 r--p 00003000 fd:01 13636414                   /lib/x86_64-linux-gnu/libdl-2.28.so
7fa67b379000-7fa67b37a000 rw-p 00004000 fd:01 13636414                   /lib/x86_64-linux-gnu/libdl-2.28.so
7fa67b37a000-7fa67b391000 r-xp 00000000 fd:01 22681395                   /usr/lib/jvm/java-8-oracle/jre/lib/amd64/jli/libjli.so
7fa67b391000-7fa67b590000 ---p 00017000 fd:01 22681395                   /usr/lib/jvm/java-8-oracle/jre/lib/amd64/jli/libjli.so
7fa67b590000-7fa67b591000 r--p 00016000 fd:01 22681395                   /usr/lib/jvm/java-8-oracle/jre/lib/amd64/jli/libjli.so
7fa67b591000-7fa67b592000 rw-p 00017000 fd:01 22681395                   /usr/lib/jvm/java-8-oracle/jre/lib/amd64/jli/libjli.so
7fa67b592000-7fa67b598000 r--p 00000000 fd:01 13636523                   /lib/x86_64-linux-gnu/libpthread-2.28.so
7fa67b598000-7fa67b5a7000 r-xp 00006000 fd:01 13636523                   /lib/x86_64-linux-gnu/libpthread-2.28.so
7fa67b5a7000-7fa67b5ad000 r--p 00015000 fd:01 13636523                   /lib/x86_64-linux-gnu/libpthread-2.28.so
7fa67b5ad000-7fa67b5ae000 r--p 0001a000 fd:01 13636523                   /lib/x86_64-linux-gnu/libpthread-2.28.so
7fa67b5ae000-7fa67b5af000 rw-p 0001b000 fd:01 13636523                   /lib/x86_64-linux-gnu/libpthread-2.28.so
7fa67b5af000-7fa67b5b5000 rw-p 00000000 00:00 0 
7fa67b5b9000-7fa67b5bc000 r--p 00000000 fd:01 13636481                   /lib/x86_64-linux-gnu/libnss_files-2.28.so
7fa67b5bc000-7fa67b5c3000 r-xp 00003000 fd:01 13636481                   /lib/x86_64-linux-gnu/libnss_files-2.28.so
7fa67b5c3000-7fa67b5c6000 r--p 0000a000 fd:01 13636481                   /lib/x86_64-linux-gnu/libnss_files-2.28.so
7fa67b5c6000-7fa67b5c7000 r--p 0000c000 fd:01 13636481                   /lib/x86_64-linux-gnu/libnss_files-2.28.so
7fa67b5c7000-7fa67b5c8000 rw-p 0000d000 fd:01 13636481                   /lib/x86_64-linux-gnu/libnss_files-2.28.so
7fa67b5c8000-7fa67b5cf000 rw-p 00000000 00:00 0 
7fa67b5cf000-7fa67b5d0000 r--p 00000000 00:00 0 
7fa67b5d0000-7fa67b5d1000 r--p 00000000 fd:01 13636367                   /lib/x86_64-linux-gnu/ld-2.28.so
7fa67b5d1000-7fa67b5f1000 r-xp 00001000 fd:01 13636367                   /lib/x86_64-linux-gnu/ld-2.28.so
7fa67b5f1000-7fa67b5f9000 r--p 00021000 fd:01 13636367                   /lib/x86_64-linux-gnu/ld-2.28.so
7fa67b5f9000-7fa67b5fa000 r--p 00028000 fd:01 13636367                   /lib/x86_64-linux-gnu/ld-2.28.so
7fa67b5fa000-7fa67b5fb000 rw-p 00029000 fd:01 13636367                   /lib/x86_64-linux-gnu/ld-2.28.so
7fa67b5fb000-7fa67b5fc000 rw-p 00000000 00:00 0 
7ffc661d4000-7ffc661fa000 rw-p 00000000 00:00 0                          [stack]
7ffc661fb000-7ffc661fe000 r--p 00000000 00:00 0                          [vvar]
7ffc661fe000-7ffc66200000 r-xp 00000000 00:00 0                          [vdso]
ffffffffff600000-ffffffffff601000 r-xp 00000000 00:00 0                  [vsyscall]

VM Arguments:
jvm_args: -Djna.nosys=true -Dconfig.resource=test.application.conf 
java_command: sbt.ForkMain 39153
java_class_path (initial): /home/g7247341/EE/employee-expenses-frontend/target/scala-2.11/test-classes:/home/g7247341/EE/employee-expenses-frontend/target/web/classes/test:/home/g7247341/EE/employee-expenses-frontend/target/scala-2.11/classes:/home/g7247341/EE/employee-expenses-frontend/target/web/classes/main:/home/g7247341/EE/employee-expenses-frontend/lib_managed/jars/org.scala-lang/scala-library/scala-library-2.11.11.jar:/home/g7247341/EE/employee-expenses-frontend/lib_managed/bundles/org.scala-lang.modules/scala-xml_2.11/scala-xml_2.11-1.0.6.jar:/home/g7247341/EE/employee-expenses-frontend/lib_managed/jars/org.slf4j/slf4j-api/slf4j-api-1.7.25.jar:/home/g7247341/EE/employee-expenses-frontend/lib_managed/jars/org.slf4j/jul-to-slf4j/jul-to-slf4j-1.7.25.jar:/home/g7247341/EE/employee-expenses-frontend/lib_managed/jars/org.slf4j/jcl-over-slf4j/jcl-over-slf4j-1.7.25.jar:/home/g7247341/EE/employee-expenses-frontend/lib_managed/jars/org.reactivestreams/reactive-streams/reactive-streams-1.0.2.jar:/home/g7247341/EE/employee-expenses-frontend/lib_managed/bundles/org.scala-lang.modules/scala-java8-compat_2.11/scala-java8-compat_2.11-0.8.0.jar:/home/g7247341/EE/employee-expenses-frontend/lib_managed/jars/org.scala-lang/scala-reflect/scala-reflect-2.11.11.jar:/home/g7247341/EE/employee-expenses-frontend/lib_managed/jars/org.typelevel/macro-compat_2.11/macro-compat_2.11-1.1.1.jar:/home/g7247341/EE/employee-expenses-frontend/lib_managed/jars/joda-time/joda-time/joda-time-2.9.9.jar:/home/g7247341/EE/employee-expenses-frontend/lib_managed/bundles/com.google.guava/guava/guava-22.0.jar:/home/g7247341/EE/employee-expenses-frontend/lib_managed/jars/com.google.errorprone/error_prone_annotations/error_prone_annotations-2.0.18.jar:/home/g7247341/EE/employee-expenses-frontend/lib_managed/jars/com.google.j2objc/j2objc-annotations/j2objc-annotations-1.1.jar:/home/g7247341/EE/employee-expenses-frontend/lib_managed/jars/org.codehaus.mojo/animal-sniffer-annotations/animal-sniffer-annotatio
Launcher Type: SUN_STANDARD

Environment Variables:
JAVA_HOME=/usr/lib/jvm/java-8-oracle
PATH=/usr/local/sbin:/usr/local/bin:/usr/sbin:/usr/bin:/sbin:/bin:/usr/games:/usr/local/games:/snap/bin:/usr/lib/jvm/java-8-oracle/bin:/usr/lib/jvm/java-8-oracle/db/bin:/usr/lib/jvm/java-8-oracle/jre/bin
USERNAME=g7247341
SHELL=/bin/bash
DISPLAY=:0

Signal Handlers:
SIGSEGV: [libjvm.so+0xad3e60], sa_mask[0]=11111111011111111101111111111110, sa_flags=SA_RESTART|SA_SIGINFO
SIGBUS: [libjvm.so+0xad3e60], sa_mask[0]=11111111011111111101111111111110, sa_flags=SA_RESTART|SA_SIGINFO
SIGFPE: [libjvm.so+0x90b880], sa_mask[0]=11111111011111111101111111111110, sa_flags=SA_RESTART|SA_SIGINFO
SIGPIPE: [libjvm.so+0x90b880], sa_mask[0]=11111111011111111101111111111110, sa_flags=SA_RESTART|SA_SIGINFO
SIGXFSZ: [libjvm.so+0x90b880], sa_mask[0]=11111111011111111101111111111110, sa_flags=SA_RESTART|SA_SIGINFO
SIGILL: [libjvm.so+0x90b880], sa_mask[0]=11111111011111111101111111111110, sa_flags=SA_RESTART|SA_SIGINFO
SIGUSR1: SIG_DFL, sa_mask[0]=00000000000000000000000000000000, sa_flags=none
SIGUSR2: [libjvm.so+0x90b750], sa_mask[0]=00100000000000000000000000000000, sa_flags=SA_RESTART|SA_SIGINFO
SIGHUP: SIG_DFL, sa_mask[0]=00000000000000000000000000000000, sa_flags=none
SIGINT: SIG_DFL, sa_mask[0]=00000000000000000000000000000000, sa_flags=none
SIGTERM: SIG_DFL, sa_mask[0]=00000000000000000000000000000000, sa_flags=none
SIGQUIT: SIG_DFL, sa_mask[0]=00000000000000000000000000000000, sa_flags=none


---------------  S Y S T E M  ---------------

OS:DISTRIB_ID=Ubuntu
DISTRIB_RELEASE=18.10
DISTRIB_CODENAME=cosmic
DISTRIB_DESCRIPTION="Ubuntu 18.10"

uname:Linux 4.18.0-13-generic #14-Ubuntu SMP Wed Dec 5 09:04:24 UTC 2018 x86_64
libc:glibc 2.28 NPTL 2.28 
rlimit: STACK 8192k, CORE 0k, NPROC 63166, NOFILE 4096, AS infinity
load average:5.60 3.55 2.38

/proc/meminfo:
MemTotal:       16280344 kB
MemFree:          144072 kB
MemAvailable:      28732 kB
Buffers:            1492 kB
Cached:           587280 kB
SwapCached:        71876 kB
Active:         13675956 kB
Inactive:        1835876 kB
Active(anon):   13664796 kB
Inactive(anon):  1817764 kB
Active(file):      11160 kB
Inactive(file):    18112 kB
Unevictable:         112 kB
Mlocked:             112 kB
SwapTotal:       1003516 kB
SwapFree:              0 kB
Dirty:                 0 kB
Writeback:            16 kB
AnonPages:      14851624 kB
Mapped:           617756 kB
Shmem:            558676 kB
Slab:             302128 kB
SReclaimable:      94392 kB
SUnreclaim:       207736 kB
KernelStack:       37536 kB
PageTables:        83904 kB
NFS_Unstable:          0 kB
Bounce:                0 kB
WritebackTmp:          0 kB
CommitLimit:     9143688 kB
Committed_AS:   25825676 kB
VmallocTotal:   34359738367 kB
VmallocUsed:           0 kB
VmallocChunk:          0 kB
HardwareCorrupted:     0 kB
AnonHugePages:         0 kB
ShmemHugePages:        0 kB
ShmemPmdMapped:        0 kB
CmaTotal:              0 kB
CmaFree:               0 kB
HugePages_Total:       0
HugePages_Free:        0
HugePages_Rsvd:        0
HugePages_Surp:        0
Hugepagesize:       2048 kB
Hugetlb:               0 kB
DirectMap4k:      668324 kB
DirectMap2M:     9674752 kB
DirectMap1G:     6291456 kB

container (cgroup) information:
container_type: cgroupv1
cpu_cpuset_cpus: 0-7
cpu_memory_nodes: 0
active_processor_count: 8
cpu_quota: -1
cpu_period: 100000
cpu_shares: -1
memory_limit_in_bytes: -1
memory_and_swap_limit_in_bytes: -2
memory_soft_limit_in_bytes: -1
memory_usage_in_bytes: 10575044608
memory_max_usage_in_bytes: 10677821440


CPU:total 8 (initial active 8) (4 cores per cpu, 2 threads per core) family 6 model 94 stepping 3, cmov, cx8, fxsr, mmx, sse, sse2, sse3, ssse3, sse4.1, sse4.2, popcnt, avx, avx2, aes, clmul, erms, rtm, 3dnowpref, lzcnt, ht, tsc, tscinvbit, bmi1, bmi2, adx

/proc/cpuinfo:
processor	: 0
vendor_id	: GenuineIntel
cpu family	: 6
model		: 94
model name	: Intel(R) Core(TM) i7-6700HQ CPU @ 2.60GHz
stepping	: 3
microcode	: 0xc6
cpu MHz		: 3099.999
cache size	: 6144 KB
physical id	: 0
siblings	: 8
core id		: 0
cpu cores	: 4
apicid		: 0
initial apicid	: 0
fpu		: yes
fpu_exception	: yes
cpuid level	: 22
wp		: yes
flags		: fpu vme de pse tsc msr pae mce cx8 apic sep mtrr pge mca cmov pat pse36 clflush dts acpi mmx fxsr sse sse2 ss ht tm pbe syscall nx pdpe1gb rdtscp lm constant_tsc art arch_perfmon pebs bts rep_good nopl xtopology nonstop_tsc cpuid aperfmperf tsc_known_freq pni pclmulqdq dtes64 monitor ds_cpl vmx est tm2 ssse3 sdbg fma cx16 xtpr pdcm pcid sse4_1 sse4_2 x2apic movbe popcnt tsc_deadline_timer aes xsave avx f16c rdrand lahf_lm abm 3dnowprefetch cpuid_fault epb invpcid_single pti ssbd ibrs ibpb stibp tpr_shadow vnmi flexpriority ept vpid fsgsbase tsc_adjust bmi1 hle avx2 smep bmi2 erms invpcid rtm mpx rdseed adx smap clflushopt intel_pt xsaveopt xsavec xgetbv1 xsaves dtherm ida arat pln pts hwp hwp_notify hwp_act_window hwp_epp flush_l1d
bugs		: cpu_meltdown spectre_v1 spectre_v2 spec_store_bypass l1tf
bogomips	: 5184.00
clflush size	: 64
cache_alignment	: 64
address sizes	: 39 bits physical, 48 bits virtual
power management:

processor	: 1
vendor_id	: GenuineIntel
cpu family	: 6
model		: 94
model name	: Intel(R) Core(TM) i7-6700HQ CPU @ 2.60GHz
stepping	: 3
microcode	: 0xc6
cpu MHz		: 3100.000
cache size	: 6144 KB
physical id	: 0
siblings	: 8
core id		: 1
cpu cores	: 4
apicid		: 2
initial apicid	: 2
fpu		: yes
fpu_exception	: yes
cpuid level	: 22
wp		: yes
flags		: fpu vme de pse tsc msr pae mce cx8 apic sep mtrr pge mca cmov pat pse36 clflush dts acpi mmx fxsr sse sse2 ss ht tm pbe syscall nx pdpe1gb rdtscp lm constant_tsc art arch_perfmon pebs bts rep_good nopl xtopology nonstop_tsc cpuid aperfmperf tsc_known_freq pni pclmulqdq dtes64 monitor ds_cpl vmx est tm2 ssse3 sdbg fma cx16 xtpr pdcm pcid sse4_1 sse4_2 x2apic movbe popcnt tsc_deadline_timer aes xsave avx f16c rdrand lahf_lm abm 3dnowprefetch cpuid_fault epb invpcid_single pti ssbd ibrs ibpb stibp tpr_shadow vnmi flexpriority ept vpid fsgsbase tsc_adjust bmi1 hle avx2 smep bmi2 erms invpcid rtm mpx rdseed adx smap clflushopt intel_pt xsaveopt xsavec xgetbv1 xsaves dtherm ida arat pln pts hwp hwp_notify hwp_act_window hwp_epp flush_l1d
bugs		: cpu_meltdown spectre_v1 spectre_v2 spec_store_bypass l1tf
bogomips	: 5184.00
clflush size	: 64
cache_alignment	: 64
address sizes	: 39 bits physical, 48 bits virtual
power management:

processor	: 2
vendor_id	: GenuineIntel
cpu family	: 6
model		: 94
model name	: Intel(R) Core(TM) i7-6700HQ CPU @ 2.60GHz
stepping	: 3
microcode	: 0xc6
cpu MHz		: 3100.000
cache size	: 6144 KB
physical id	: 0
siblings	: 8
core id		: 2
cpu cores	: 4
apicid		: 4
initial apicid	: 4
fpu		: yes
fpu_exception	: yes
cpuid level	: 22
wp		: yes
flags		: fpu vme de pse tsc msr pae mce cx8 apic sep mtrr pge mca cmov pat pse36 clflush dts acpi mmx fxsr sse sse2 ss ht tm pbe syscall nx pdpe1gb rdtscp lm constant_tsc art arch_perfmon pebs bts rep_good nopl xtopology nonstop_tsc cpuid aperfmperf tsc_known_freq pni pclmulqdq dtes64 monitor ds_cpl vmx est tm2 ssse3 sdbg fma cx16 xtpr pdcm pcid sse4_1 sse4_2 x2apic movbe popcnt tsc_deadline_timer aes xsave avx f16c rdrand lahf_lm abm 3dnowprefetch cpuid_fault epb invpcid_single pti ssbd ibrs ibpb stibp tpr_shadow vnmi flexpriority ept vpid fsgsbase tsc_adjust bmi1 hle avx2 smep bmi2 erms invpcid rtm mpx rdseed adx smap clflushopt intel_pt xsaveopt xsavec xgetbv1 xsaves dtherm ida arat pln pts hwp hwp_notify hwp_act_window hwp_epp flush_l1d
bugs		: cpu_meltdown spectre_v1 spectre_v2 spec_store_bypass l1tf
bogomips	: 5184.00
clflush size	: 64
cache_alignment	: 64
address sizes	: 39 bits physical, 48 bits virtual
power management:

processor	: 3
vendor_id	: GenuineIntel
cpu family	: 6
model		: 94
model name	: Intel(R) Core(TM) i7-6700HQ CPU @ 2.60GHz
stepping	: 3
microcode	: 0xc6
cpu MHz		: 3099.998
cache size	: 6144 KB
physical id	: 0
siblings	: 8
core id		: 3
cpu cores	: 4
apicid		: 6
initial apicid	: 6
fpu		: yes
fpu_exception	: yes
cpuid level	: 22
wp		: yes
flags		: fpu vme de pse tsc msr pae mce cx8 apic sep mtrr pge mca cmov pat pse36 clflush dts acpi mmx fxsr sse sse2 ss ht tm pbe syscall nx pdpe1gb rdtscp lm constant_tsc art arch_perfmon pebs bts rep_good nopl xtopology nonstop_tsc cpuid aperfmperf tsc_known_freq pni pclmulqdq dtes64 monitor ds_cpl vmx est tm2 ssse3 sdbg fma cx16 xtpr pdcm pcid sse4_1 sse4_2 x2apic movbe popcnt tsc_deadline_timer aes xsave avx f16c rdrand lahf_lm abm 3dnowprefetch cpuid_fault epb invpcid_single pti ssbd ibrs ibpb stibp tpr_shadow vnmi flexpriority ept vpid fsgsbase tsc_adjust bmi1 hle avx2 smep bmi2 erms invpcid rtm mpx rdseed adx smap clflushopt intel_pt xsaveopt xsavec xgetbv1 xsaves dtherm ida arat pln pts hwp hwp_notify hwp_act_window hwp_epp flush_l1d
bugs		: cpu_meltdown spectre_v1 spectre_v2 spec_store_bypass l1tf
bogomips	: 5184.00
clflush size	: 64
cache_alignment	: 64
address sizes	: 39 bits physical, 48 bits virtual
power management:

processor	: 4
vendor_id	: GenuineIntel
cpu family	: 6
model		: 94
model name	: Intel(R) Core(TM) i7-6700HQ CPU @ 2.60GHz
stepping	: 3
microcode	: 0xc6
cpu MHz		: 3100.000
cache size	: 6144 KB
physical id	: 0
siblings	: 8
core id		: 0
cpu cores	: 4
apicid		: 1
initial apicid	: 1
fpu		: yes
fpu_exception	: yes
cpuid level	: 22
wp		: yes
flags		: fpu vme de pse tsc msr pae mce cx8 apic sep mtrr pge mca cmov pat pse36 clflush dts acpi mmx fxsr sse sse2 ss ht tm pbe syscall nx pdpe1gb rdtscp lm constant_tsc art arch_perfmon pebs bts rep_good nopl xtopology nonstop_tsc cpuid aperfmperf tsc_known_freq pni pclmulqdq dtes64 monitor ds_cpl vmx est tm2 ssse3 sdbg fma cx16 xtpr pdcm pcid sse4_1 sse4_2 x2apic movbe popcnt tsc_deadline_timer aes xsave avx f16c rdrand lahf_lm abm 3dnowprefetch cpuid_fault epb invpcid_single pti ssbd ibrs ibpb stibp tpr_shadow vnmi flexpriority ept vpid fsgsbase tsc_adjust bmi1 hle avx2 smep bmi2 erms invpcid rtm mpx rdseed adx smap clflushopt intel_pt xsaveopt xsavec xgetbv1 xsaves dtherm ida arat pln pts hwp hwp_notify hwp_act_window hwp_epp flush_l1d
bugs		: cpu_meltdown spectre_v1 spectre_v2 spec_store_bypass l1tf
bogomips	: 5184.00
clflush size	: 64
cache_alignment	: 64
address sizes	: 39 bits physical, 48 bits virtual
power management:

processor	: 5
vendor_id	: GenuineIntel
cpu family	: 6
model		: 94
model name	: Intel(R) Core(TM) i7-6700HQ CPU @ 2.60GHz
stepping	: 3
microcode	: 0xc6
cpu MHz		: 3099.998
cache size	: 6144 KB
physical id	: 0
siblings	: 8
core id		: 1
cpu cores	: 4
apicid		: 3
initial apicid	: 3
fpu		: yes
fpu_exception	: yes
cpuid level	: 22
wp		: yes
flags		: fpu vme de pse tsc msr pae mce cx8 apic sep mtrr pge mca cmov pat pse36 clflush dts acpi mmx fxsr sse sse2 ss ht tm pbe syscall nx pdpe1gb rdtscp lm constant_tsc art arch_perfmon pebs bts rep_good nopl xtopology nonstop_tsc cpuid aperfmperf tsc_known_freq pni pclmulqdq dtes64 monitor ds_cpl vmx est tm2 ssse3 sdbg fma cx16 xtpr pdcm pcid sse4_1 sse4_2 x2apic movbe popcnt tsc_deadline_timer aes xsave avx f16c rdrand lahf_lm abm 3dnowprefetch cpuid_fault epb invpcid_single pti ssbd ibrs ibpb stibp tpr_shadow vnmi flexpriority ept vpid fsgsbase tsc_adjust bmi1 hle avx2 smep bmi2 erms invpcid rtm mpx rdseed adx smap clflushopt intel_pt xsaveopt xsavec xgetbv1 xsaves dtherm ida arat pln pts hwp hwp_notify hwp_act_window hwp_epp flush_l1d
bugs		: cpu_meltdown spectre_v1 spectre_v2 spec_store_bypass l1tf
bogomips	: 5184.00
clflush size	: 64
cache_alignment	: 64
address sizes	: 39 bits physical, 48 bits virtual
power management:

processor	: 6
vendor_id	: GenuineIntel
cpu family	: 6
model		: 94
model name	: Intel(R) Core(TM) i7-6700HQ CPU @ 2.60GHz
stepping	: 3
microcode	: 0xc6
cpu MHz		: 3100.000
cache size	: 6144 KB
physical id	: 0
siblings	: 8
core id		: 2
cpu cores	: 4
apicid		: 5
initial apicid	: 5
fpu		: yes
fpu_exception	: yes
cpuid level	: 22
wp		: yes
flags		: fpu vme de pse tsc msr pae mce cx8 apic sep mtrr pge mca cmov pat pse36 clflush dts acpi mmx fxsr sse sse2 ss ht tm pbe syscall nx pdpe1gb rdtscp lm constant_tsc art arch_perfmon pebs bts rep_good nopl xtopology nonstop_tsc cpuid aperfmperf tsc_known_freq pni pclmulqdq dtes64 monitor ds_cpl vmx est tm2 ssse3 sdbg fma cx16 xtpr pdcm pcid sse4_1 sse4_2 x2apic movbe popcnt tsc_deadline_timer aes xsave avx f16c rdrand lahf_lm abm 3dnowprefetch cpuid_fault epb invpcid_single pti ssbd ibrs ibpb stibp tpr_shadow vnmi flexpriority ept vpid fsgsbase tsc_adjust bmi1 hle avx2 smep bmi2 erms invpcid rtm mpx rdseed adx smap clflushopt intel_pt xsaveopt xsavec xgetbv1 xsaves dtherm ida arat pln pts hwp hwp_notify hwp_act_window hwp_epp flush_l1d
bugs		: cpu_meltdown spectre_v1 spectre_v2 spec_store_bypass l1tf
bogomips	: 5184.00
clflush size	: 64
cache_alignment	: 64
address sizes	: 39 bits physical, 48 bits virtual
power management:

processor	: 7
vendor_id	: GenuineIntel
cpu family	: 6
model		: 94
model name	: Intel(R) Core(TM) i7-6700HQ CPU @ 2.60GHz
stepping	: 3
microcode	: 0xc6
cpu MHz		: 3099.998
cache size	: 6144 KB
physical id	: 0
siblings	: 8
core id		: 3
cpu cores	: 4
apicid		: 7
initial apicid	: 7
fpu		: yes
fpu_exception	: yes
cpuid level	: 22
wp		: yes
flags		: fpu vme de pse tsc msr pae mce cx8 apic sep mtrr pge mca cmov pat pse36 clflush dts acpi mmx fxsr sse sse2 ss ht tm pbe syscall nx pdpe1gb rdtscp lm constant_tsc art arch_perfmon pebs bts rep_good nopl xtopology nonstop_tsc cpuid aperfmperf tsc_known_freq pni pclmulqdq dtes64 monitor ds_cpl vmx est tm2 ssse3 sdbg fma cx16 xtpr pdcm pcid sse4_1 sse4_2 x2apic movbe popcnt tsc_deadline_timer aes xsave avx f16c rdrand lahf_lm abm 3dnowprefetch cpuid_fault epb invpcid_single pti ssbd ibrs ibpb stibp tpr_shadow vnmi flexpriority ept vpid fsgsbase tsc_adjust bmi1 hle avx2 smep bmi2 erms invpcid rtm mpx rdseed adx smap clflushopt intel_pt xsaveopt xsavec xgetbv1 xsaves dtherm ida arat pln pts hwp hwp_notify hwp_act_window hwp_epp flush_l1d
bugs		: cpu_meltdown spectre_v1 spectre_v2 spec_store_bypass l1tf
bogomips	: 5184.00
clflush size	: 64
cache_alignment	: 64
address sizes	: 39 bits physical, 48 bits virtual
power management:



Memory: 4k page, physical 16280344k(144504k free), swap 1003516k(0k free)

vm_info: Java HotSpot(TM) 64-Bit Server VM (25.201-b09) for linux-amd64 JRE (1.8.0_201-b09), built on Dec 15 2018 11:35:59 by "java_re" with gcc 7.3.0

time: Mon Feb  4 16:42:49 2019
timezone: GMT
elapsed time: 0 seconds (0d 0h 0m 0s)

